mode: set
esep/grade-calculator/grade_calculator.go:21.37,23.2 1 1
esep/grade-calculator/grade_calculator.go:31.44,35.2 1 1
esep/grade-calculator/grade_calculator.go:37.51,40.26 2 1
esep/grade-calculator/grade_calculator.go:40.26,42.3 1 1
esep/grade-calculator/grade_calculator.go:42.8,42.33 1 1
esep/grade-calculator/grade_calculator.go:42.33,44.3 1 1
esep/grade-calculator/grade_calculator.go:44.8,44.33 1 1
esep/grade-calculator/grade_calculator.go:44.33,46.3 1 1
esep/grade-calculator/grade_calculator.go:46.8,46.33 1 1
esep/grade-calculator/grade_calculator.go:46.33,48.3 1 1
esep/grade-calculator/grade_calculator.go:50.2,50.12 1 1
esep/grade-calculator/grade_calculator.go:53.82,59.2 1 1
esep/grade-calculator/grade_calculator.go:61.58,64.34 2 1
esep/grade-calculator/grade_calculator.go:64.34,65.21 1 1
esep/grade-calculator/grade_calculator.go:66.19,67.44 1 1
esep/grade-calculator/grade_calculator.go:68.13,69.32 1 1
esep/grade-calculator/grade_calculator.go:70.14,71.34 1 1
esep/grade-calculator/grade_calculator.go:75.2,81.28 5 1
esep/grade-calculator/grade_calculator.go:84.41,85.25 1 1
esep/grade-calculator/grade_calculator.go:85.25,87.6 1 1
esep/grade-calculator/grade_calculator.go:88.5,89.34 2 1
esep/grade-calculator/grade_calculator.go:89.34,91.6 1 1
esep/grade-calculator/grade_calculator.go:92.5,92.29 1 1
