mode: set
esep/grade-calculator/grade_calculator.go:22.37,24.2 1 1
esep/grade-calculator/grade_calculator.go:32.44,37.2 1 1
esep/grade-calculator/grade_calculator.go:39.63,44.2 1 1
esep/grade-calculator/grade_calculator.go:46.51,49.27 2 1
esep/grade-calculator/grade_calculator.go:49.27,50.27 1 1
esep/grade-calculator/grade_calculator.go:50.27,52.4 1 1
esep/grade-calculator/grade_calculator.go:53.3,53.16 1 1
esep/grade-calculator/grade_calculator.go:56.2,56.26 1 1
esep/grade-calculator/grade_calculator.go:56.26,58.3 1 1
esep/grade-calculator/grade_calculator.go:58.8,58.33 1 1
esep/grade-calculator/grade_calculator.go:58.33,60.3 1 1
esep/grade-calculator/grade_calculator.go:60.8,60.33 1 1
esep/grade-calculator/grade_calculator.go:60.33,62.3 1 1
esep/grade-calculator/grade_calculator.go:62.8,62.33 1 1
esep/grade-calculator/grade_calculator.go:62.33,64.3 1 1
esep/grade-calculator/grade_calculator.go:66.2,66.12 1 1
esep/grade-calculator/grade_calculator.go:69.82,75.2 1 1
esep/grade-calculator/grade_calculator.go:77.58,80.34 2 1
esep/grade-calculator/grade_calculator.go:80.34,81.21 1 1
esep/grade-calculator/grade_calculator.go:82.19,83.44 1 1
esep/grade-calculator/grade_calculator.go:84.13,85.32 1 1
esep/grade-calculator/grade_calculator.go:86.14,87.34 1 1
esep/grade-calculator/grade_calculator.go:91.2,97.28 5 1
esep/grade-calculator/grade_calculator.go:100.41,101.25 1 1
esep/grade-calculator/grade_calculator.go:101.25,103.6 1 1
esep/grade-calculator/grade_calculator.go:104.5,105.34 2 1
esep/grade-calculator/grade_calculator.go:105.34,107.6 1 1
esep/grade-calculator/grade_calculator.go:108.5,108.29 1 1
